[debug] [2022-12-06T04:05:52.395Z] ----------------------------------------------------------------------
[debug] [2022-12-06T04:05:52.396Z] Command:       /Users/lee/.nvm/versions/node/v16.10.0/bin/node /Users/lee/.nvm/versions/node/v16.10.0/bin/firebase projects:list
[debug] [2022-12-06T04:05:52.397Z] CLI Version:   11.16.1
[debug] [2022-12-06T04:05:52.397Z] Platform:      darwin
[debug] [2022-12-06T04:05:52.397Z] Node Version:  v16.10.0
[debug] [2022-12-06T04:05:52.398Z] Time:          Mon Dec 05 2022 20:05:52 GMT-0800 (Pacific Standard Time)
[debug] [2022-12-06T04:05:52.398Z] ----------------------------------------------------------------------
[debug] 
[debug] [2022-12-06T04:05:52.444Z] > command requires scopes: ["email","openid","https://www.googleapis.com/auth/cloudplatformprojects.readonly","https://www.googleapis.com/auth/firebase","https://www.googleapis.com/auth/cloud-platform"]
[debug] [2022-12-06T04:05:52.444Z] > authorizing via signed-in user (warrendlee1@gmail.com)
[debug] [2022-12-06T04:05:52.448Z] > refreshing access token with scopes: []
[debug] [2022-12-06T04:05:52.449Z] >>> [apiv2][query] POST https://www.googleapis.com/oauth2/v3/token [none]
[debug] [2022-12-06T04:05:52.449Z] >>> [apiv2][body] POST https://www.googleapis.com/oauth2/v3/token [omitted]
[debug] [2022-12-06T04:05:52.766Z] <<< [apiv2][status] POST https://www.googleapis.com/oauth2/v3/token 400
[debug] [2022-12-06T04:05:52.766Z] <<< [apiv2][body] POST https://www.googleapis.com/oauth2/v3/token [omitted]
[debug] [2022-12-06T04:05:52.767Z] >>> [apiv2][query] GET https://firebase.googleapis.com/v1beta1/projects pageSize=1000
[debug] [2022-12-06T04:05:53.032Z] <<< [apiv2][status] GET https://firebase.googleapis.com/v1beta1/projects 401
[debug] [2022-12-06T04:05:53.033Z] <<< [apiv2][body] GET https://firebase.googleapis.com/v1beta1/projects [omitted]
[debug] [2022-12-06T04:05:53.034Z] HTTP Error: 401, Request had invalid authentication credentials. Expected OAuth 2 access token, login cookie or other valid authentication credential. See https://developers.google.com/identity/sign-in/web/devconsole-project.
[debug] [2022-12-06T04:05:53.134Z] FirebaseError: HTTP Error: 401, Request had invalid authentication credentials. Expected OAuth 2 access token, login cookie or other valid authentication credential. See https://developers.google.com/identity/sign-in/web/devconsole-project.
    at responseToError (/Users/lee/.nvm/versions/node/v16.10.0/lib/node_modules/firebase-tools/lib/responseToError.js:49:12)
    at RetryOperation._fn (/Users/lee/.nvm/versions/node/v16.10.0/lib/node_modules/firebase-tools/lib/apiv2.js:288:77)
    at processTicksAndRejections (node:internal/process/task_queues:96:5)
[error] 
[error] Error: Failed to list Firebase projects. See firebase-debug.log for more info.
